Start testing: Aug 05 14:38 PDT
----------------------------------------------------------
1/1 Testing: cortex-forge-server-test
1/1 Test: cortex-forge-server-test
Command: "/home/sandesh/jetson/build/cortex-forge-server/build/cortex-forge-server-test"
Directory: /home/sandesh/jetson/build/cortex-forge-server/build
"cortex-forge-server-test" start time: Aug 05 14:38 PDT
Output:
----------------------------------------------------------
Randomness seeded to: 406854573
===============================================================================
All tests passed (42 assertions in 17 test cases)

<end of output>
Test time =   0.01 sec
----------------------------------------------------------
Test Passed.
"cortex-forge-server-test" end time: Aug 05 14:38 PDT
"cortex-forge-server-test" time elapsed: 00:00:00
----------------------------------------------------------

End testing: Aug 05 14:38 PDT
